<?xml version="1.0" encoding="UTF-8"?>
<testng-results skipped="0" failed="0" ignored="0" total="1" passed="1">
  <reporter-output>
  </reporter-output>
  <suite name="Default suite" duration-ms="23496" started-at="2018-11-30T14:32:18Z" finished-at="2018-11-30T14:32:42Z">
    <groups>
    </groups>
    <test name="Default test" duration-ms="23496" started-at="2018-11-30T14:32:18Z" finished-at="2018-11-30T14:32:42Z">
      <class name="com.sgic.lms.qa.test.LoginTest">
        <test-method status="PASS" signature="setUp()[pri:0, instance:com.sgic.lms.qa.test.LoginTest@41a2befb]" name="setUp" is-config="true" duration-ms="4242" started-at="2018-11-30T14:32:18Z" finished-at="2018-11-30T14:32:22Z">
          <reporter-output>
          </reporter-output>
        </test-method> <!-- setUp -->
        <test-method status="PASS" signature="testOrangeHRM()[pri:0, instance:com.sgic.lms.qa.test.LoginTest@41a2befb]" name="testOrangeHRM" duration-ms="18018" started-at="2018-11-30T14:32:22Z" finished-at="2018-11-30T14:32:40Z">
          <reporter-output>
          </reporter-output>
        </test-method> <!-- testOrangeHRM -->
        <test-method status="PASS" signature="tearDown()[pri:0, instance:com.sgic.lms.qa.test.LoginTest@41a2befb]" name="tearDown" is-config="true" duration-ms="1199" started-at="2018-11-30T14:32:40Z" finished-at="2018-11-30T14:32:42Z">
          <reporter-output>
          </reporter-output>
        </test-method> <!-- tearDown -->
      </class> <!-- com.sgic.lms.qa.test.LoginTest -->
    </test> <!-- Default test -->
  </suite> <!-- Default suite -->
</testng-results>
